<?xml version="1.0" encoding="UTF-8"?>
<!-- Generated by org.testng.reporters.JUnitReportReporter -->
<testsuite hostname="LAPTOP-ODPD864H" name="androidautomation.com.boltfoodandroid.framework.RegistrationPageTest" tests="1" failures="0" timestamp="7 Jan 2022 17:51:20 GMT" time="28.970" errors="0">
  <testcase name="userRegistration" time="28.970" classname="androidautomation.com.boltfoodandroid.framework.RegistrationPageTest"/>
</testsuite> <!-- androidautomation.com.boltfoodandroid.framework.RegistrationPageTest -->
